{
  "stats": {
    "suites": 1,
    "tests": 1,
    "passes": 1,
    "pending": 0,
    "failures": 0,
    "start": "2024-02-29T14:21:30.006Z",
    "end": "2024-02-29T14:21:34.494Z",
    "duration": 4488,
    "testsRegistered": 1,
    "passPercent": 100,
    "pendingPercent": 0,
    "other": 0,
    "hasOther": false,
    "skipped": 0,
    "hasSkipped": false
  },
  "results": [
    {
      "uuid": "e46b40c5-fa57-4ac1-892e-3f2ed25211c5",
      "title": "",
      "fullFile": "cypress/e2e/Others/Homepage.cy.js",
      "file": "cypress/e2e/Others/Homepage.cy.js",
      "beforeHooks": [],
      "afterHooks": [],
      "tests": [],
      "suites": [
        {
          "uuid": "cc1c6599-94b0-4609-b339-179a7c6b448e",
          "title": "Open Site",
          "fullFile": "",
          "file": "",
          "beforeHooks": [],
          "afterHooks": [],
          "tests": [
            {
              "title": "Check the URL",
              "fullTitle": "Open Site Check the URL",
              "timedOut": null,
              "duration": 2902,
              "state": "passed",
              "speed": "fast",
              "pass": true,
              "fail": false,
              "pending": false,
              "context": null,
              "code": "cy.contains('Your Guestroom Furniture on a Budget');\n//cy.once('uncaught:exception')",
              "err": {},
              "uuid": "feb77eda-11a3-401b-b459-73319329bf11",
              "parentUUID": "cc1c6599-94b0-4609-b339-179a7c6b448e",
              "isHook": false,
              "skipped": false
            }
          ],
          "suites": [],
          "passes": [
            "feb77eda-11a3-401b-b459-73319329bf11"
          ],
          "failures": [],
          "pending": [],
          "skipped": [],
          "duration": 2902,
          "root": false,
          "rootEmpty": false,
          "_timeout": 2000
        }
      ],
      "passes": [],
      "failures": [],
      "pending": [],
      "skipped": [],
      "duration": 0,
      "root": true,
      "rootEmpty": true,
      "_timeout": 2000
    }
  ],
  "meta": {
    "mocha": {
      "version": "7.0.1"
    },
    "mochawesome": {
      "options": {
        "quiet": false,
        "reportFilename": "mochawesome",
        "saveHtml": false,
        "saveJson": true,
        "consoleReporter": "spec",
        "useInlineDiffs": false,
        "code": true
      },
      "version": "7.1.3"
    },
    "marge": {
      "options": {
        "charts": true,
        "overwrite": false,
        "html": false,
        "json": true,
        "reportDir": "cypress/report"
      },
      "version": "6.2.0"
    }
  }
}