{
  "stats": {
    "suites": 3,
    "tests": 7,
    "passes": 7,
    "pending": 0,
    "failures": 0,
    "start": "2024-02-29T14:21:39.911Z",
    "end": "2024-02-29T14:21:51.837Z",
    "duration": 11926,
    "testsRegistered": 7,
    "passPercent": 100,
    "pendingPercent": 0,
    "other": 0,
    "hasOther": false,
    "skipped": 0,
    "hasSkipped": false
  },
  "results": [
    {
      "uuid": "56ee3505-e2dd-4902-ad10-679067268804",
      "title": "",
      "fullFile": "cypress/e2e/Others/browsePages.cy.js",
      "file": "cypress/e2e/Others/browsePages.cy.js",
      "beforeHooks": [],
      "afterHooks": [],
      "tests": [],
      "suites": [
        {
          "uuid": "4c906bd3-b9eb-4452-baa2-ba2ed551d896",
          "title": "Shopist",
          "fullFile": "",
          "file": "",
          "beforeHooks": [],
          "afterHooks": [],
          "tests": [],
          "suites": [
            {
              "uuid": "2702f8ac-9051-48ce-8539-9b0421c65130",
              "title": "Open Site",
              "fullFile": "",
              "file": "",
              "beforeHooks": [],
              "afterHooks": [],
              "tests": [
                {
                  "title": "Make sure that user is able to open the homepage",
                  "fullTitle": "Shopist Open Site Make sure that user is able to open the homepage",
                  "timedOut": null,
                  "duration": 1850,
                  "state": "passed",
                  "speed": "fast",
                  "pass": true,
                  "fail": false,
                  "pending": false,
                  "context": null,
                  "code": "//Make \ncy.contains('My Profile');",
                  "err": {},
                  "uuid": "192adf97-1350-4287-978d-383bd91e3e7b",
                  "parentUUID": "2702f8ac-9051-48ce-8539-9b0421c65130",
                  "isHook": false,
                  "skipped": false
                }
              ],
              "suites": [],
              "passes": [
                "192adf97-1350-4287-978d-383bd91e3e7b"
              ],
              "failures": [],
              "pending": [],
              "skipped": [],
              "duration": 1850,
              "root": false,
              "rootEmpty": false,
              "_timeout": 2000
            },
            {
              "uuid": "6a30e150-e511-4203-8315-3cba28d8ce47",
              "title": "Open each of the navigations",
              "fullFile": "",
              "file": "",
              "beforeHooks": [],
              "afterHooks": [],
              "tests": [
                {
                  "title": "Clicks the Chairs navigation",
                  "fullTitle": "Shopist Open each of the navigations Clicks the Chairs navigation",
                  "timedOut": null,
                  "duration": 1468,
                  "state": "passed",
                  "speed": "fast",
                  "pass": true,
                  "fail": false,
                  "pending": false,
                  "context": null,
                  "code": "//Clicks the Chairs in Navigation\ncy.contains('Chairs').click();\ncy.get('a').should('have.class', 'a-exact-active chairs');\n// Make sure that the item is in that page\ncy.contains('Wicker Chair').should('be.visible');\n//Makes sure that the URL includes sofas\ncy.url().should('include', '/chairs');",
                  "err": {},
                  "uuid": "8b1ca9c7-e01b-4874-8555-93a28ecc2cbb",
                  "parentUUID": "6a30e150-e511-4203-8315-3cba28d8ce47",
                  "isHook": false,
                  "skipped": false
                },
                {
                  "title": "Clicks the Sofas navigation",
                  "fullTitle": "Shopist Open each of the navigations Clicks the Sofas navigation",
                  "timedOut": null,
                  "duration": 1407,
                  "state": "passed",
                  "speed": "fast",
                  "pass": true,
                  "fail": false,
                  "pending": false,
                  "context": null,
                  "code": "//Clicks the Sofa in Navigation\ncy.contains('Sofas').click();\ncy.get('a').should('have.class', 'a-exact-active sofas');\n// Make sure that the item is in that page\ncy.contains('Grey Tufted Couch').should('be.visible');\n//Makes sure that the URL includes sofas\ncy.url().should('include', '/sofas');",
                  "err": {},
                  "uuid": "e3f2b3af-5958-4a8a-88df-9161100dcf7c",
                  "parentUUID": "6a30e150-e511-4203-8315-3cba28d8ce47",
                  "isHook": false,
                  "skipped": false
                },
                {
                  "title": "Clicks the Bedding navigation",
                  "fullTitle": "Shopist Open each of the navigations Clicks the Bedding navigation",
                  "timedOut": null,
                  "duration": 1449,
                  "state": "passed",
                  "speed": "fast",
                  "pass": true,
                  "fail": false,
                  "pending": false,
                  "context": null,
                  "code": "//Clicks the bedding navigation\ncy.contains('Bedding').click();\ncy.contains('White Linen Duvet Cover');\n// Make sure that the item is in that page\ncy.contains('White Linen Duvet Cover').should('be.visible');\n//Makes sure that the URL includes bedding\ncy.url().should('include', '/bedding');",
                  "err": {},
                  "uuid": "37fb5358-2376-42db-a03d-d926100a25a2",
                  "parentUUID": "6a30e150-e511-4203-8315-3cba28d8ce47",
                  "isHook": false,
                  "skipped": false
                },
                {
                  "title": "Clicks the Lighting navigation",
                  "fullTitle": "Shopist Open each of the navigations Clicks the Lighting navigation",
                  "timedOut": null,
                  "duration": 1548,
                  "state": "passed",
                  "speed": "fast",
                  "pass": true,
                  "fail": false,
                  "pending": false,
                  "context": null,
                  "code": "//Clicks the Lighting Navigation\ncy.contains('Lighting').click();\ncy.get('a').should('have.class', 'a-exact-active lighting');\n// Make sure that the item is in that page\ncy.contains('Chrome Arc Lamp').should('be.visible');\n//Makes sure that the lighting is in URL\ncy.url().should('include', '/lighting');",
                  "err": {},
                  "uuid": "218391ea-90b6-4b1f-9f2c-866d2121d9d8",
                  "parentUUID": "6a30e150-e511-4203-8315-3cba28d8ce47",
                  "isHook": false,
                  "skipped": false
                },
                {
                  "title": "Clicks the My Profile navigation",
                  "fullTitle": "Shopist Open each of the navigations Clicks the My Profile navigation",
                  "timedOut": null,
                  "duration": 1599,
                  "state": "passed",
                  "speed": "fast",
                  "pass": true,
                  "fail": false,
                  "pending": false,
                  "context": null,
                  "code": "//Clicks the My Profile button\ncy.contains('My Profile').click();\ncy.get('a').should('have.class', 'a-exact-active profile');\n//Makes sure that the profile is in URL\ncy.url().should('include', '/profile');",
                  "err": {},
                  "uuid": "c3097856-f08c-42f2-92b4-8273da7e22b2",
                  "parentUUID": "6a30e150-e511-4203-8315-3cba28d8ce47",
                  "isHook": false,
                  "skipped": false
                },
                {
                  "title": "Clicks the Cart navigation",
                  "fullTitle": "Shopist Open each of the navigations Clicks the Cart navigation",
                  "timedOut": null,
                  "duration": 1474,
                  "state": "passed",
                  "speed": "fast",
                  "pass": true,
                  "fail": false,
                  "pending": false,
                  "context": null,
                  "code": "//Clicks the Cart button\ncy.contains('Cart').click();\ncy.get('a').should('have.class', 'a-exact-active cart');\n//Makes sure that the cart is in URL\ncy.url().should('include', '/cart');",
                  "err": {},
                  "uuid": "9a7b0cdc-b5a9-4782-8ace-db64833e0741",
                  "parentUUID": "6a30e150-e511-4203-8315-3cba28d8ce47",
                  "isHook": false,
                  "skipped": false
                }
              ],
              "suites": [],
              "passes": [
                "8b1ca9c7-e01b-4874-8555-93a28ecc2cbb",
                "e3f2b3af-5958-4a8a-88df-9161100dcf7c",
                "37fb5358-2376-42db-a03d-d926100a25a2",
                "218391ea-90b6-4b1f-9f2c-866d2121d9d8",
                "c3097856-f08c-42f2-92b4-8273da7e22b2",
                "9a7b0cdc-b5a9-4782-8ace-db64833e0741"
              ],
              "failures": [],
              "pending": [],
              "skipped": [],
              "duration": 8945,
              "root": false,
              "rootEmpty": false,
              "_timeout": 2000
            }
          ],
          "passes": [],
          "failures": [],
          "pending": [],
          "skipped": [],
          "duration": 0,
          "root": false,
          "rootEmpty": false,
          "_timeout": 2000
        }
      ],
      "passes": [],
      "failures": [],
      "pending": [],
      "skipped": [],
      "duration": 0,
      "root": true,
      "rootEmpty": true,
      "_timeout": 2000
    }
  ],
  "meta": {
    "mocha": {
      "version": "7.0.1"
    },
    "mochawesome": {
      "options": {
        "quiet": false,
        "reportFilename": "mochawesome",
        "saveHtml": false,
        "saveJson": true,
        "consoleReporter": "spec",
        "useInlineDiffs": false,
        "code": true
      },
      "version": "7.1.3"
    },
    "marge": {
      "options": {
        "charts": true,
        "overwrite": false,
        "html": false,
        "json": true,
        "reportDir": "cypress/report"
      },
      "version": "6.2.0"
    }
  }
}