{
  "stats": {
    "suites": 1,
    "tests": 1,
    "passes": 1,
    "pending": 0,
    "failures": 0,
    "start": "2024-02-29T14:22:12.688Z",
    "end": "2024-02-29T14:22:13.009Z",
    "duration": 321,
    "testsRegistered": 1,
    "passPercent": 100,
    "pendingPercent": 0,
    "other": 0,
    "hasOther": false,
    "skipped": 0,
    "hasSkipped": false
  },
  "results": [
    {
      "uuid": "7a3ca78b-7abc-4895-81a9-ada8eacb0a9f",
      "title": "",
      "fullFile": "cypress/e2e/Others/downloadFile.cy.js",
      "file": "cypress/e2e/Others/downloadFile.cy.js",
      "beforeHooks": [],
      "afterHooks": [],
      "tests": [],
      "suites": [
        {
          "uuid": "3a7e278c-0ce3-4aaf-8245-da3fafadc327",
          "title": "Download Files",
          "fullFile": "",
          "file": "",
          "beforeHooks": [],
          "afterHooks": [],
          "tests": [
            {
              "title": "Download a pdf file",
              "fullTitle": "Download Files Download a pdf file",
              "timedOut": null,
              "duration": 303,
              "state": "passed",
              "speed": "fast",
              "pass": true,
              "fail": false,
              "pending": false,
              "context": null,
              "code": "const dayjs = __webpack_require__(/*! dayjs */ \"./node_modules/dayjs/dayjs.min.js\");\nvar currentNow = dayjs().format('YYYYMMDD');\ncy.downloadFile('https://upload.wikimedia.org/wikipedia/en/a/a9/Example.jpg', 'downloadedFiles', currentNow + \" sampleDownload.jpg\");",
              "err": {},
              "uuid": "f2c784a9-c815-4e69-b95c-1de4458dfab3",
              "parentUUID": "3a7e278c-0ce3-4aaf-8245-da3fafadc327",
              "isHook": false,
              "skipped": false
            }
          ],
          "suites": [],
          "passes": [
            "f2c784a9-c815-4e69-b95c-1de4458dfab3"
          ],
          "failures": [],
          "pending": [],
          "skipped": [],
          "duration": 303,
          "root": false,
          "rootEmpty": false,
          "_timeout": 2000
        }
      ],
      "passes": [],
      "failures": [],
      "pending": [],
      "skipped": [],
      "duration": 0,
      "root": true,
      "rootEmpty": true,
      "_timeout": 2000
    }
  ],
  "meta": {
    "mocha": {
      "version": "7.0.1"
    },
    "mochawesome": {
      "options": {
        "quiet": false,
        "reportFilename": "mochawesome",
        "saveHtml": false,
        "saveJson": true,
        "consoleReporter": "spec",
        "useInlineDiffs": false,
        "code": true
      },
      "version": "7.1.3"
    },
    "marge": {
      "options": {
        "charts": true,
        "overwrite": false,
        "html": false,
        "json": true,
        "reportDir": "cypress/report"
      },
      "version": "6.2.0"
    }
  }
}