{
  "stats": {
    "suites": 1,
    "tests": 3,
    "passes": 3,
    "pending": 0,
    "failures": 0,
    "start": "2024-02-29T14:22:22.103Z",
    "end": "2024-02-29T14:22:22.205Z",
    "duration": 102,
    "testsRegistered": 3,
    "passPercent": 100,
    "pendingPercent": 0,
    "other": 0,
    "hasOther": false,
    "skipped": 0,
    "hasSkipped": false
  },
  "results": [
    {
      "uuid": "b56d28c7-f4e0-4507-98d2-f767c15f1ccc",
      "title": "",
      "fullFile": "cypress/e2e/Others/readwritefilesdemo.cy.js",
      "file": "cypress/e2e/Others/readwritefilesdemo.cy.js",
      "beforeHooks": [],
      "afterHooks": [],
      "tests": [],
      "suites": [
        {
          "uuid": "6ce35208-ae5d-4e5f-90a2-85edc30d4159",
          "title": "Read, and write filed",
          "fullFile": "",
          "file": "",
          "beforeHooks": [],
          "afterHooks": [],
          "tests": [
            {
              "title": "Read files using fixture",
              "fullTitle": "Read, and write filed Read files using fixture",
              "timedOut": null,
              "duration": 37,
              "state": "passed",
              "speed": "fast",
              "pass": true,
              "fail": false,
              "pending": false,
              "context": null,
              "code": "cy.fixture('example').then(data => {\n  cy.log(data.name);\n  cy.log(data.email);\n});",
              "err": {},
              "uuid": "3730d09d-e457-490d-b92d-f221e29fcf2d",
              "parentUUID": "6ce35208-ae5d-4e5f-90a2-85edc30d4159",
              "isHook": false,
              "skipped": false
            },
            {
              "title": "Read files using read",
              "fullTitle": "Read, and write filed Read files using read",
              "timedOut": null,
              "duration": 26,
              "state": "passed",
              "speed": "fast",
              "pass": true,
              "fail": false,
              "pending": false,
              "context": null,
              "code": "cy.readFile('./cypress/fixtures/example.json').then(data => {\n  cy.log(data.name);\n  cy.log(data.email);\n});",
              "err": {},
              "uuid": "15f3d515-dcc5-4efc-8ea3-29635836ad17",
              "parentUUID": "6ce35208-ae5d-4e5f-90a2-85edc30d4159",
              "isHook": false,
              "skipped": false
            },
            {
              "title": "Write files using write",
              "fullTitle": "Read, and write filed Write files using write",
              "timedOut": null,
              "duration": 11,
              "state": "passed",
              "speed": "fast",
              "pass": true,
              "fail": false,
              "pending": false,
              "context": null,
              "code": "cy.writeFile('.cypress//fixtures/sample.txt', 'Hello World!\\n');\ncy.writeFile('./cypress/fixtures/sample.txt', 'Hello I Am Rhobert', {\n  flag: 'a+'\n});",
              "err": {},
              "uuid": "131a44b1-31cc-4c12-a1be-b6c744e665d3",
              "parentUUID": "6ce35208-ae5d-4e5f-90a2-85edc30d4159",
              "isHook": false,
              "skipped": false
            }
          ],
          "suites": [],
          "passes": [
            "3730d09d-e457-490d-b92d-f221e29fcf2d",
            "15f3d515-dcc5-4efc-8ea3-29635836ad17",
            "131a44b1-31cc-4c12-a1be-b6c744e665d3"
          ],
          "failures": [],
          "pending": [],
          "skipped": [],
          "duration": 74,
          "root": false,
          "rootEmpty": false,
          "_timeout": 2000
        }
      ],
      "passes": [],
      "failures": [],
      "pending": [],
      "skipped": [],
      "duration": 0,
      "root": true,
      "rootEmpty": true,
      "_timeout": 2000
    }
  ],
  "meta": {
    "mocha": {
      "version": "7.0.1"
    },
    "mochawesome": {
      "options": {
        "quiet": false,
        "reportFilename": "mochawesome",
        "saveHtml": false,
        "saveJson": true,
        "consoleReporter": "spec",
        "useInlineDiffs": false,
        "code": true
      },
      "version": "7.1.3"
    },
    "marge": {
      "options": {
        "charts": true,
        "overwrite": false,
        "html": false,
        "json": true,
        "reportDir": "cypress/report"
      },
      "version": "6.2.0"
    }
  }
}