{
  "stats": {
    "suites": 4,
    "tests": 4,
    "passes": 4,
    "pending": 0,
    "failures": 0,
    "start": "2024-02-29T14:21:52.773Z",
    "end": "2024-02-29T14:22:11.774Z",
    "duration": 19001,
    "testsRegistered": 4,
    "passPercent": 100,
    "pendingPercent": 0,
    "other": 0,
    "hasOther": false,
    "skipped": 0,
    "hasSkipped": false
  },
  "results": [
    {
      "uuid": "1a5e5c1e-0bf3-4ea4-86cf-c81fa1a4f14c",
      "title": "",
      "fullFile": "cypress/e2e/Others/chairs.cy.js",
      "file": "cypress/e2e/Others/chairs.cy.js",
      "beforeHooks": [],
      "afterHooks": [],
      "tests": [],
      "suites": [
        {
          "uuid": "441c8b02-2cc0-4e46-8e86-634af7d5a566",
          "title": "Shopist",
          "fullFile": "",
          "file": "",
          "beforeHooks": [],
          "afterHooks": [],
          "tests": [],
          "suites": [
            {
              "uuid": "6df19ece-4ba8-4956-b9db-c70fe585c21c",
              "title": "In Stock Products",
              "fullFile": "",
              "file": "",
              "beforeHooks": [],
              "afterHooks": [],
              "tests": [
                {
                  "title": "Clicks the first chair",
                  "fullTitle": "Shopist In Stock Products Clicks the first chair",
                  "timedOut": null,
                  "duration": 5644,
                  "state": "passed",
                  "speed": "medium",
                  "pass": true,
                  "fail": false,
                  "pending": false,
                  "context": null,
                  "code": "const expectedNumber = 2;\nvar num1;\n// Make sure that the item is in that page\ncy.contains('Wicker Chair').should('be.visible');\n//Makes sure that the URL includes sofas\ncy.url().should('include', '/chairs');\n//Make sure that the Wicker Chair exists\ncy.xpath(`//img[contains(@src, '/_nuxt/img/1.71db95e.jpg')]`).should('be.visible').click();\n//Add to Card button must be visible\ncy.get('.purchase-button').should('be.visible').click();\ncy.contains('(1)').should('be.visible');\n//Make sure that the added chair is in the Cart\ncy.get('.cart').click();\ncy.contains('Wicker Chair').should('be.visible');",
                  "err": {},
                  "uuid": "ecb42085-ed2f-44eb-a66e-e338813ae943",
                  "parentUUID": "6df19ece-4ba8-4956-b9db-c70fe585c21c",
                  "isHook": false,
                  "skipped": false
                }
              ],
              "suites": [],
              "passes": [
                "ecb42085-ed2f-44eb-a66e-e338813ae943"
              ],
              "failures": [],
              "pending": [],
              "skipped": [],
              "duration": 5644,
              "root": false,
              "rootEmpty": false,
              "_timeout": 2000
            },
            {
              "uuid": "0afb0882-ad67-4a89-829d-cc1538041b00",
              "title": "Sold Out Products",
              "fullFile": "",
              "file": "",
              "beforeHooks": [],
              "afterHooks": [],
              "tests": [
                {
                  "title": "Clicks the Sold Out chair",
                  "fullTitle": "Shopist Sold Out Products Clicks the Sold Out chair",
                  "timedOut": null,
                  "duration": 1251,
                  "state": "passed",
                  "speed": "fast",
                  "pass": true,
                  "fail": false,
                  "pending": false,
                  "context": null,
                  "code": "//Makes sure that the URL includes sofas\ncy.url().should('include', '/chairs');\n// Make sure that the item is in that page\ncy.contains('Upholstered White Chair').should('be.visible');\n//Make sure that the Wicker Chair exists\ncy.xpath(`//img[contains(@src, '/_nuxt/img/4.ede59fc.jpg')]`).should('be.visible').click();\n//Since the chair is sold out, Sold Out message must appear\ncy.contains('Oops! This item is sold out.').should('be.visible');\ncy.contains('Continue shopping').should('be.visible').click();\n//Make sure that the added chair is in the Cart\ncy.get('.cart').click();\ncy.contains('Upholstered White Chair').should('not.exist');",
                  "err": {},
                  "uuid": "10bf08cc-09a0-499d-9bea-8848db8341f1",
                  "parentUUID": "0afb0882-ad67-4a89-829d-cc1538041b00",
                  "isHook": false,
                  "skipped": false
                }
              ],
              "suites": [],
              "passes": [
                "10bf08cc-09a0-499d-9bea-8848db8341f1"
              ],
              "failures": [],
              "pending": [],
              "skipped": [],
              "duration": 1251,
              "root": false,
              "rootEmpty": false,
              "_timeout": 2000
            },
            {
              "uuid": "44f9a098-d7e8-4f89-9ee9-ceb9525e55bd",
              "title": "Add to Carts",
              "fullFile": "",
              "file": "",
              "beforeHooks": [],
              "afterHooks": [],
              "tests": [
                {
                  "title": "Put multiple chairs in the cart",
                  "fullTitle": "Shopist Add to Carts Put multiple chairs in the cart",
                  "timedOut": null,
                  "duration": 4428,
                  "state": "passed",
                  "speed": "fast",
                  "pass": true,
                  "fail": false,
                  "pending": false,
                  "context": null,
                  "code": "// Make sure that the item is in that page\ncy.contains('White Shell Chair').should('be.visible');\n//Makes sure that the URL includes sofas\ncy.url().should('include', '/chairs');\n//Make sure that the Wicker Chair exists\ncy.xpath(`//img[contains(@src, '/_nuxt/img/5.f07a2ba.jpg')]`).should('be.visible').click();\n//Add to Card button must be visible\ncy.get('.purchase-button').should('be.visible').click();\ncy.get('.purchase-button').should('be.visible').click();\ncy.get('.purchase-button').should('be.visible').click();\ncy.get('.purchase-button').should('be.visible').click();\ncy.contains('(4)').should('be.visible');\n//Make sure that the added chair is in the Cart\ncy.get('.cart').click();\ncy.contains('White Shell Chair').should('be.visible');\ncy.xpath(`//div[contains(@class,'products')]/div[3]/div/div/div/div[2]/div/div/div[2]`).contains('4');",
                  "err": {},
                  "uuid": "8a637083-ea12-4df0-b346-2a70ecf78c11",
                  "parentUUID": "44f9a098-d7e8-4f89-9ee9-ceb9525e55bd",
                  "isHook": false,
                  "skipped": false
                },
                {
                  "title": "Put multiple chairs in the cart",
                  "fullTitle": "Shopist Add to Carts Put multiple chairs in the cart",
                  "timedOut": null,
                  "duration": 6668,
                  "state": "passed",
                  "speed": "medium",
                  "pass": true,
                  "fail": false,
                  "pending": false,
                  "context": null,
                  "code": "// Make sure that the item is in that page\ncy.contains('Plastic White Chair').should('be.visible');\n//Makes sure that the URL includes sofas\ncy.url().should('include', '/chairs');\n//Make sure that the Wicker Chair exists\ncy.xpath(`//img[contains(@src, '/_nuxt/img/8.5ec24eb.jpg')]`).should('be.visible').click();\n//Add to Card button must be visible\ncy.get('.purchase-button').should('be.visible').click();\ncy.get('.purchase-button').should('be.visible').click();\ncy.get('.purchase-button').should('be.visible').click();\ncy.get('.purchase-button').should('be.visible').click();\ncy.contains('(4)').should('be.visible');\ncy.contains('Chairs').click();\ncy.get('a').should('have.class', 'a-exact-active chairs');\ncy.contains('Tall Wooden Stool').should('be.visible');\n//Makes sure that the URL includes sofas\ncy.url().should('include', '/chairs');\n//Make sure that the Wicker Chair exists\ncy.xpath(`//img[contains(@src, '/_nuxt/img/7.4244cb5.jpg')]`).should('be.visible').click();\n//Add to Card button must be visible\ncy.get('.purchase-button').should('be.visible').click();\n//Make sure that the added chair is in the Cart\ncy.get('.cart').click();\ncy.contains('Plastic White Chair').should('be.visible');\ncy.xpath(`//div[contains(@class,'products')]/div[3]/div/div/div/div[2]/div/div/div[2]`).contains('4');\ncy.contains('Tall Wooden Stool').should('be.visible');\ncy.xpath(`//div[contains(@class,'products')]/div[3]/div/div[2]/div/div[2]/div/div/div[2]`).contains('1');\ncy.get('input').type('DISCOUNT!!');",
                  "err": {},
                  "uuid": "85fc8b06-200c-4853-8ac2-448723266e63",
                  "parentUUID": "44f9a098-d7e8-4f89-9ee9-ceb9525e55bd",
                  "isHook": false,
                  "skipped": false
                }
              ],
              "suites": [],
              "passes": [
                "8a637083-ea12-4df0-b346-2a70ecf78c11",
                "85fc8b06-200c-4853-8ac2-448723266e63"
              ],
              "failures": [],
              "pending": [],
              "skipped": [],
              "duration": 11096,
              "root": false,
              "rootEmpty": false,
              "_timeout": 2000
            }
          ],
          "passes": [],
          "failures": [],
          "pending": [],
          "skipped": [],
          "duration": 0,
          "root": false,
          "rootEmpty": false,
          "_timeout": 2000
        }
      ],
      "passes": [],
      "failures": [],
      "pending": [],
      "skipped": [],
      "duration": 0,
      "root": true,
      "rootEmpty": true,
      "_timeout": 2000
    }
  ],
  "meta": {
    "mocha": {
      "version": "7.0.1"
    },
    "mochawesome": {
      "options": {
        "quiet": false,
        "reportFilename": "mochawesome",
        "saveHtml": false,
        "saveJson": true,
        "consoleReporter": "spec",
        "useInlineDiffs": false,
        "code": true
      },
      "version": "7.1.3"
    },
    "marge": {
      "options": {
        "charts": true,
        "overwrite": false,
        "html": false,
        "json": true,
        "reportDir": "cypress/report"
      },
      "version": "6.2.0"
    }
  }
}