{
  "stats": {
    "suites": 2,
    "tests": 3,
    "passes": 3,
    "pending": 0,
    "failures": 0,
    "start": "2024-02-29T14:21:17.290Z",
    "end": "2024-02-29T14:21:29.064Z",
    "duration": 11774,
    "testsRegistered": 3,
    "passPercent": 100,
    "pendingPercent": 0,
    "other": 0,
    "hasOther": false,
    "skipped": 0,
    "hasSkipped": false
  },
  "results": [
    {
      "uuid": "d3f79096-0d33-4a97-bbe8-90df3bb322ad",
      "title": "",
      "fullFile": "cypress/e2e/Katalon Demo/login.cy.js",
      "file": "cypress/e2e/Katalon Demo/login.cy.js",
      "beforeHooks": [],
      "afterHooks": [],
      "tests": [],
      "suites": [
        {
          "uuid": "c0ff3138-6f2a-4177-9751-c21f81c064f8",
          "title": "Cura Homepage",
          "fullFile": "",
          "file": "",
          "beforeHooks": [],
          "afterHooks": [],
          "tests": [],
          "suites": [
            {
              "uuid": "52832743-b8c4-4eea-b9ba-c172539e8db2",
              "title": "Log in Tests",
              "fullFile": "",
              "file": "",
              "beforeHooks": [],
              "afterHooks": [],
              "tests": [
                {
                  "title": "Open Sign InPage",
                  "fullTitle": "Cura Homepage Log in Tests Open Sign InPage",
                  "timedOut": null,
                  "duration": 2793,
                  "state": "passed",
                  "speed": "fast",
                  "pass": true,
                  "fail": false,
                  "pending": false,
                  "context": null,
                  "code": "//cy.url().should('eq', 'https://katalon-demo-cura.herokuapp.com/')\ncy.get('#menu-toggle > .fa').click();\ncy.contains('Login').should('be.visible').click();\ncy.url().should('include', '/profile.php#login');",
                  "err": {},
                  "uuid": "598ce55a-ed07-4a07-a26e-98622cc91a45",
                  "parentUUID": "52832743-b8c4-4eea-b9ba-c172539e8db2",
                  "isHook": false,
                  "skipped": false
                },
                {
                  "title": "User must be able to log in using the correct username and password",
                  "fullTitle": "Cura Homepage Log in Tests User must be able to log in using the correct username and password",
                  "timedOut": null,
                  "duration": 3122,
                  "state": "passed",
                  "speed": "fast",
                  "pass": true,
                  "fail": false,
                  "pending": false,
                  "context": null,
                  "code": "cy.url().should('eq', 'https://katalon-demo-cura.herokuapp.com/');\ncy.get('#menu-toggle > .fa').click();\ncy.contains('Login').should('be.visible').click();\ncy.url().should('include', '/profile.php#login');\nuName = \"John Doe\";\npWord = \"ThisIsNotAPassword\";\nsigninPage.enterUserName(uName);\nsigninPage.enterPassword(pWord);\ncy.get('#btn-login').click();\ncy.get('#menu-toggle > .fa').wait(500).click();\ncy.contains('Logout').wait(500).should('be.visible');",
                  "err": {},
                  "uuid": "643ccf23-d6b5-4140-b1fc-24add104e317",
                  "parentUUID": "52832743-b8c4-4eea-b9ba-c172539e8db2",
                  "isHook": false,
                  "skipped": false
                },
                {
                  "title": "User must not be able to log in with wrong username and password",
                  "fullTitle": "Cura Homepage Log in Tests User must not be able to log in with wrong username and password",
                  "timedOut": null,
                  "duration": 2538,
                  "state": "passed",
                  "speed": "fast",
                  "pass": true,
                  "fail": false,
                  "pending": false,
                  "context": null,
                  "code": "cy.url().should('eq', 'https://katalon-demo-cura.herokuapp.com/');\ncy.get('#menu-toggle > .fa').click();\ncy.contains('Login').should('be.visible').click();\ncy.url().should('include', '/profile.php#login');\nuName = \"Jose Cruz\";\npWord = \"This is the password\";\nsigninPage.enterUserName(uName);\nsigninPage.enterPassword(pWord);\ncy.get('#btn-login').click();\ncy.xpath(\"//p[contains(.,'Login failed! Please ensure the username and password are valid.')]\").wait(500).should('be.visible');",
                  "err": {},
                  "uuid": "fa6443c4-8f1d-4be4-9e7d-36961c2cb414",
                  "parentUUID": "52832743-b8c4-4eea-b9ba-c172539e8db2",
                  "isHook": false,
                  "skipped": false
                }
              ],
              "suites": [],
              "passes": [
                "598ce55a-ed07-4a07-a26e-98622cc91a45",
                "643ccf23-d6b5-4140-b1fc-24add104e317",
                "fa6443c4-8f1d-4be4-9e7d-36961c2cb414"
              ],
              "failures": [],
              "pending": [],
              "skipped": [],
              "duration": 8453,
              "root": false,
              "rootEmpty": false,
              "_timeout": 2000
            }
          ],
          "passes": [],
          "failures": [],
          "pending": [],
          "skipped": [],
          "duration": 0,
          "root": false,
          "rootEmpty": false,
          "_timeout": 2000
        }
      ],
      "passes": [],
      "failures": [],
      "pending": [],
      "skipped": [],
      "duration": 0,
      "root": true,
      "rootEmpty": true,
      "_timeout": 2000
    }
  ],
  "meta": {
    "mocha": {
      "version": "7.0.1"
    },
    "mochawesome": {
      "options": {
        "quiet": false,
        "reportFilename": "mochawesome",
        "saveHtml": false,
        "saveJson": true,
        "consoleReporter": "spec",
        "useInlineDiffs": false,
        "code": true
      },
      "version": "7.1.3"
    },
    "marge": {
      "options": {
        "charts": true,
        "overwrite": false,
        "html": false,
        "json": true,
        "reportDir": "cypress/report"
      },
      "version": "6.2.0"
    }
  }
}